<?xml version="1.0" encoding="UTF-8"?>
<!-- Generated by org.testng.reporters.JUnitReportReporter -->
<testsuite hostname="DESKTOP-2A6JV2R" name="tests.ReadWriteUsingXL" tests="2" failures="0" timestamp="31 Dec 2017 17:51:26 GMT" time="0.520" errors="0">
  <testcase name="readFromXl" time="0.254" classname="tests.ReadWriteUsingXL"/>
  <testcase name="writeIntoXl" time="0.266" classname="tests.ReadWriteUsingXL"/>
</testsuite> <!-- tests.ReadWriteUsingXL -->
